<?xml version="1.0" encoding="UTF-8"?>
<!-- Generated by org.testng.reporters.JUnitReportReporter -->
<testsuite hostname="LSPL313-PC" failures="0" tests="21" name="com.myProject.TestCases.HomePageCase" time="1076.891" errors="0" timestamp="2021-12-18T22:20:32 IST" skipped="0">
  <testcase classname="com.myProject.TestCases.HomePageCase" name="validatePageTitle" time="29.534"/>
  <system-out/>
  <testcase classname="com.myProject.TestCases.HomePageCase" name="validateLogo" time="26.913"/>
  <system-out/>
  <testcase classname="com.myProject.TestCases.HomePageCase" name="validateFNFreeTrailButton" time="45.093"/>
  <system-out/>
  <testcase classname="com.myProject.TestCases.HomePageCase" name="validateFNFreeTrailButton" time="66.353"/>
  <system-out/>
  <testcase classname="com.myProject.TestCases.HomePageCase" name="validateFNFreeTrail" time="55.882"/>
  <system-out/>
  <testcase classname="com.myProject.TestCases.HomePageCase" name="validateFNFreeTrail" time="65.356"/>
  <system-out/>
  <testcase classname="com.myProject.TestCases.HomePageCase" name="testAllLinksForHP" time="32.595"/>
  <system-out/>
  <testcase classname="com.myProject.TestCases.HomePageCase" name="validateNavaigationPlatform" time="44.892"/>
  <system-out/>
  <testcase classname="com.myProject.TestCases.HomePageCase" name="validateNavigationWhyOrangeHRM" time="48.783"/>
  <system-out/>
  <testcase classname="com.myProject.TestCases.HomePageCase" name="validateNavigationReSources" time="40.390"/>
  <system-out/>
  <testcase classname="com.myProject.TestCases.HomePageCase" name="validateNavigationCompany" time="40.812"/>
  <system-out/>
  <testcase classname="com.myProject.TestCases.HomePageCase" name="navigateToHRAdministrationThroughButton" time="81.252"/>
  <system-out/>
  <testcase classname="com.myProject.TestCases.HomePageCase" name="navigateEmployeeMgmtThroughButton" time="65.789"/>
  <system-out/>
  <testcase classname="com.myProject.TestCases.HomePageCase" name="navigateReportingThroughButton" time="42.668"/>
  <system-out/>
  <testcase classname="com.myProject.TestCases.HomePageCase" name="validateNavigatePerformanceManagement" time="70.905"/>
  <system-out/>
  <testcase classname="com.myProject.TestCases.HomePageCase" name="validateNavigateCarrerDevelopment" time="67.259"/>
  <system-out/>
  <testcase classname="com.myProject.TestCases.HomePageCase" name="validateClickOnTraining" time="70.905"/>
  <system-out/>
  <testcase classname="com.myProject.TestCases.HomePageCase" name="validateLearnTalentMgmt" time="30.513"/>
  <system-out/>
  <testcase classname="com.myProject.TestCases.HomePageCase" name="validateNavigateToRecruitmentPage" time="50.306"/>
  <system-out/>
  <testcase classname="com.myProject.TestCases.HomePageCase" name="validateNavigateToRecruitmentPageThroughButton" time="57.450"/>
  <system-out/>
  <testcase classname="com.myProject.TestCases.HomePageCase" name="validateNavigateToOnBoardingPageThroughButton" time="43.241"/>
  <system-out/>
</testsuite> <!-- com.myProject.TestCases.HomePageCase -->
