<?xml version="1.0" encoding="UTF-8"?>
<!-- Generated by org.testng.reporters.JUnitReportReporter -->
<testsuite hostname="LSPL313-PC" failures="0" tests="1" name="com.myProject.TestCases.ContactSalesTest" time="124.385" errors="0" timestamp="2021-12-18T22:20:32 IST" skipped="0">
  <testcase classname="com.myProject.TestCases.ContactSalesTest" name="navigateToContactSalesPage" time="124.385"/>
  <system-out/>
</testsuite> <!-- com.myProject.TestCases.ContactSalesTest -->
