<?xml version="1.0" encoding="UTF-8"?>
<!-- Generated by org.testng.reporters.JUnitReportReporter -->
<testsuite hostname="LSPL313-PC" failures="0" tests="1" name="com.myProject.TestCases.TestOne" time="0.497" errors="0" timestamp="2021-11-19T17:08:05 IST" skipped="0">
  <testcase classname="com.myProject.TestCases.TestOne" name="firstTest" time="0.497"/>
  <system-out/>
</testsuite> <!-- com.myProject.TestCases.TestOne -->
