<?xml version="1.0" encoding="UTF-8"?>
<!-- Generated by org.testng.reporters.JUnitReportReporter -->
<testsuite hostname="LSPL313-PC" failures="0" tests="1" name="com.myProject.TestCases.ContactSalesTest" time="20.612" errors="0" timestamp="2021-12-16T22:51:08 IST" skipped="0">
  <testcase classname="com.myProject.TestCases.ContactSalesTest" name="navigateToContactSalesPage" time="20.612"/>
  <system-out/>
</testsuite> <!-- com.myProject.TestCases.ContactSalesTest -->
