<?xml version="1.0" encoding="UTF-8"?>
<!-- Generated by org.testng.reporters.JUnitReportReporter -->
<testsuite hostname="LSPL313-PC" failures="0" tests="2" name="com.myProject.TestCases.TestClassTwo" time="0.414" errors="0" timestamp="2021-11-22T11:30:53 IST" skipped="0">
  <testcase classname="com.myProject.TestCases.TestClassTwo" name="caseTwo" time="0.403"/>
  <system-out/>
  <testcase classname="com.myProject.TestCases.TestClassTwo" name="caseThree" time="0.011"/>
  <system-out/>
</testsuite> <!-- com.myProject.TestCases.TestClassTwo -->
