<?xml version="1.0" encoding="UTF-8"?>
<!-- Generated by org.testng.reporters.JUnitReportReporter -->
<testsuite hostname="LSPL313-PC" failures="0" tests="1" name="com.myProject.TestCases.ContactSalesTest" time="17.349" errors="0" timestamp="2021-12-19T14:33:13 IST" skipped="0">
  <testcase classname="com.myProject.TestCases.ContactSalesTest" name="navigateToContactSalesPage" time="17.349"/>
  <system-out/>
</testsuite> <!-- com.myProject.TestCases.ContactSalesTest -->
