<?xml version="1.0" encoding="UTF-8"?>
<!-- Generated by org.testng.reporters.JUnitReportReporter -->
<testsuite hostname="LSPL313-PC" failures="0" tests="21" name="com.myProject.TestCases.HomePageCase" time="807.409" errors="0" timestamp="2021-12-16T22:51:08 IST" skipped="0">
  <testcase classname="com.myProject.TestCases.HomePageCase" name="validatePageTitle" time="17.766"/>
  <system-out/>
  <testcase classname="com.myProject.TestCases.HomePageCase" name="validateLogo" time="14.865"/>
  <system-out/>
  <testcase classname="com.myProject.TestCases.HomePageCase" name="validateFNFreeTrailButton" time="37.307"/>
  <system-out/>
  <testcase classname="com.myProject.TestCases.HomePageCase" name="validateFNFreeTrailButton" time="37.355"/>
  <system-out/>
  <testcase classname="com.myProject.TestCases.HomePageCase" name="validateFNFreeTrail" time="19.940"/>
  <system-out/>
  <testcase classname="com.myProject.TestCases.HomePageCase" name="validateFNFreeTrail" time="31.442"/>
  <system-out/>
  <testcase classname="com.myProject.TestCases.HomePageCase" name="testAllLinksForHP" time="28.541"/>
  <system-out/>
  <testcase classname="com.myProject.TestCases.HomePageCase" name="validateNavaigationPlatform" time="31.670"/>
  <system-out/>
  <testcase classname="com.myProject.TestCases.HomePageCase" name="validateNavigationWhyOrangeHRM" time="22.029"/>
  <system-out/>
  <testcase classname="com.myProject.TestCases.HomePageCase" name="validateNavigationReSources" time="27.140"/>
  <system-out/>
  <testcase classname="com.myProject.TestCases.HomePageCase" name="validateNavigationCompany" time="57.453"/>
  <system-out/>
  <testcase classname="com.myProject.TestCases.HomePageCase" name="navigateToHRAdministrationThroughButton" time="70.852"/>
  <system-out/>
  <testcase classname="com.myProject.TestCases.HomePageCase" name="navigateEmployeeMgmtThroughButton" time="20.483"/>
  <system-out/>
  <testcase classname="com.myProject.TestCases.HomePageCase" name="navigateReportingThroughButton" time="21.325"/>
  <system-out/>
  <testcase classname="com.myProject.TestCases.HomePageCase" name="validateNavigatePerformanceManagement" time="24.057"/>
  <system-out/>
  <testcase classname="com.myProject.TestCases.HomePageCase" name="validateNavigateCarrerDevelopment" time="126.616"/>
  <system-out/>
  <testcase classname="com.myProject.TestCases.HomePageCase" name="validateClickOnTraining" time="24.104"/>
  <system-out/>
  <testcase classname="com.myProject.TestCases.HomePageCase" name="validateLearnTalentMgmt" time="24.043"/>
  <system-out/>
  <testcase classname="com.myProject.TestCases.HomePageCase" name="validateNavigateToRecruitmentPage" time="43.165"/>
  <system-out/>
  <testcase classname="com.myProject.TestCases.HomePageCase" name="validateNavigateToRecruitmentPageThroughButton" time="101.210"/>
  <system-out/>
  <testcase classname="com.myProject.TestCases.HomePageCase" name="validateNavigateToOnBoardingPageThroughButton" time="26.046"/>
  <system-out/>
</testsuite> <!-- com.myProject.TestCases.HomePageCase -->
